This is XeTeX, Version 3.141592653-2.6-0.999996 (TeX Live 2024) (preloaded format=xelatex 2025.2.3)  3 FEB 2025 13:51
entering extended mode
 \write18 enabled.
 %&-line parsing enabled.
**/home/stefan/Documents/R_Packages/rmdNMU/inst/rmarkdown/templates/short_notes/resources/preamble.tex
(/home/stefan/Documents/R_Packages/rmdNMU/inst/rmarkdown/templates/short_notes/resources/preamble.tex
LaTeX2e <2024-11-01> patch level 2
L3 programming layer <2025-01-18>

! LaTeX Error: \usepackage before \documentclass.

See the LaTeX manual or LaTeX Companion for explanation.
Type  H <return>  for immediate help.
 ...                                              
                                                  
l.2 \usepackage{
                fontspec} 
Here is how much of TeX's memory you used:
 15 strings out of 475785
 666 string characters out of 5772965
 381281 words of memory out of 5000000
 23060 multiletter control sequences out of 15000+600000
 558837 words of font info for 36 fonts, out of 8000000 for 9000
 36 hyphenation exceptions out of 8191
 11i,0n,13p,145b,14s stack positions out of 10000i,1000n,20000p,200000b,200000s

No pages of output.
